0 info it worked if it ends with ok
1 verbose cli [ 'C:\\Program Files\\nodejs\\node.exe',
1 verbose cli   'C:\\Program Files\\nodejs\\node_modules\\npm\\bin\\npm-cli.js',
1 verbose cli   'run',
1 verbose cli   'start' ]
2 info using npm@3.3.12
3 info using node@v5.3.0
4 verbose run-script [ 'prestart', 'start', 'poststart' ]
5 info lifecycle fb-app-test@1.0.0~prestart: fb-app-test@1.0.0
6 silly lifecycle fb-app-test@1.0.0~prestart: no script for prestart, continuing
7 info lifecycle fb-app-test@1.0.0~start: fb-app-test@1.0.0
8 verbose lifecycle fb-app-test@1.0.0~start: unsafe-perm in lifecycle true
9 verbose lifecycle fb-app-test@1.0.0~start: PATH: C:\Program Files\nodejs\node_modules\npm\bin\node-gyp-bin;C:\source\projects\practice\fb-app-test\node_modules\.bin;C:\source\tools\ConEmu;C:\source\tools\ConEmu\ConEmu;C:\Windows\system32;C:\Windows;C:\Windows\System32\Wbem;C:\Windows\System32\WindowsPowerShell\v1.0\;C:\Program Files\Intel\WiFi\bin\;C:\Program Files\Common Files\Intel\WirelessCommon\;C:\Program Files\nodejs\;C:\Program Files\Git\bin;C:\Program Files (x86)\MySQL\MySQL Fabric 1.5 & MySQL Utilities 1.5\;C:\Program Files (x86)\MySQL\MySQL Fabric 1.5 & MySQL Utilities 1.5\Doctrine extensions for PHP\;C:\Program Files (x86)\Heroku\bin;C:\Program Files (x86)\git\cmd;C:\Program Files (x86)\Git\cmd;C:\Program Files\dotnet\;C:\Program Files (x86)\GtkSharp\2.12\bin;C:\Users\Nora\AppData\Roaming\npm;C:\Program Files (x86)\Microsoft VS Code\bin
10 verbose lifecycle fb-app-test@1.0.0~start: CWD: C:\source\projects\practice\fb-app-test
11 silly lifecycle fb-app-test@1.0.0~start: Args: [ '/d /s /c', 'node index.js' ]
12 silly lifecycle fb-app-test@1.0.0~start: Returned: code: 1  signal: null
13 info lifecycle fb-app-test@1.0.0~start: Failed to exec start script
14 verbose stack Error: fb-app-test@1.0.0 start: `node index.js`
14 verbose stack Exit status 1
14 verbose stack     at EventEmitter.<anonymous> (C:\Program Files\nodejs\node_modules\npm\lib\utils\lifecycle.js:232:16)
14 verbose stack     at emitTwo (events.js:87:13)
14 verbose stack     at EventEmitter.emit (events.js:172:7)
14 verbose stack     at ChildProcess.<anonymous> (C:\Program Files\nodejs\node_modules\npm\lib\utils\spawn.js:24:14)
14 verbose stack     at emitTwo (events.js:87:13)
14 verbose stack     at ChildProcess.emit (events.js:172:7)
14 verbose stack     at maybeClose (internal/child_process.js:818:16)
14 verbose stack     at Process.ChildProcess._handle.onexit (internal/child_process.js:211:5)
15 verbose pkgid fb-app-test@1.0.0
16 verbose cwd C:\source\projects\practice\fb-app-test
17 error Windows_NT 10.0.10586
18 error argv "C:\\Program Files\\nodejs\\node.exe" "C:\\Program Files\\nodejs\\node_modules\\npm\\bin\\npm-cli.js" "run" "start"
19 error node v5.3.0
20 error npm  v3.3.12
21 error code ELIFECYCLE
22 error fb-app-test@1.0.0 start: `node index.js`
22 error Exit status 1
23 error Failed at the fb-app-test@1.0.0 start script 'node index.js'.
23 error Make sure you have the latest version of node.js and npm installed.
23 error If you do, this is most likely a problem with the fb-app-test package,
23 error not with npm itself.
23 error Tell the author that this fails on your system:
23 error     node index.js
23 error You can get their info via:
23 error     npm owner ls fb-app-test
23 error There is likely additional logging output above.
24 verbose exit [ 1, true ]
